<?xml version="1.0" encoding="UTF-8" ?>
<testsuite errors="0" failures="0" hostname="DESKTOP-EK9S4CK" name="BookServiceTest" skipped="0" tests="4" time="2.348" timestamp="2016-03-10T22:42:06">
  <properties>
[...]
</properties>
  <testcase classname="BookServiceTest" name="testRemoveFilters" time="2.045" />
  <testcase classname="BookServiceTest" name="testCount" time="0.0" />
  <testcase classname="BookServiceTest" name="testDelete" time="0.016" />
  <testcase classname="BookServiceTest" name="testSaveAndDuplicate" time="0.0" />
  <system-out><![CDATA[[EL Info]: 2016-03-10 18:42:07.817--ServerSession(2065886345)--EclipseLink, version: Eclipse Persistence Services - 2.6.2.v20151217-774c696
[EL Info]: connection: 2016-03-10 18:42:08.174--ServerSession(2065886345)--/file:/C:/Users/nickm/workspace/library/build/work/WEB-INF/classes/_library_db login successful
]]></system-out>
  <system-err><![CDATA[]]></system-err>
</testsuite>

