<?xml version="1.0" encoding="UTF-8" ?>
<testsuite errors="0" failures="0" hostname="T8AA3.WPA.Dal.Ca" name="UserServiceTest" skipped="0" tests="5" time="0.06" timestamp="2016-03-08T21:49:24">
  <properties>
[...]
</properties>
  <testcase classname="UserServiceTest" name="testCheckLogIn" time="0.019" />
  <testcase classname="UserServiceTest" name="testCount" time="0.002" />
  <testcase classname="UserServiceTest" name="testGetUser" time="0.015" />
  <testcase classname="UserServiceTest" name="testRegister" time="0.013" />
  <testcase classname="UserServiceTest" name="testCreate" time="0.0" />
  <system-out><![CDATA[]]></system-out>
  <system-err><![CDATA[]]></system-err>
</testsuite>
